#
# There is insufficient memory for the Java Runtime Environment to continue.
# Native memory allocation (malloc) failed to allocate 32744 bytes for ChunkPool::allocate
# Possible reasons:
#   The system is out of physical RAM or swap space
#   The process is running with CompressedOops enabled, and the Java Heap may be blocking the growth of the native heap
# Possible solutions:
#   Reduce memory load on the system
#   Increase physical memory or swap space
#   Check if swap backing store is full
#   Decrease Java heap size (-Xmx/-Xms)
#   Decrease number of Java threads
#   Decrease Java thread stack sizes (-Xss)
#   Set larger code cache with -XX:ReservedCodeCacheSize=
#   JVM is running with Unscaled Compressed Oops mode in which the Java heap is
#     placed in the first 4GB address space. The Java Heap base address is the
#     maximum limit for the native heap growth. Please use -XX:HeapBaseMinAddress
#     to set the Java Heap base and to place the Java Heap above 4GB virtual address.
# This output file may be truncated or incomplete.
#
#  Out of Memory Error (allocation.cpp:272), pid=12108, tid=0x0000000000002a50
#
# JRE version: OpenJDK Runtime Environment (8.0_242-b01) (build 1.8.0_242-release-1644-b01)
# Java VM: OpenJDK 64-Bit Server VM (25.242-b01 mixed mode windows-amd64 compressed oops)
# Failed to write core dump. Minidumps are not enabled by default on client versions of Windows
#

---------------  T H R E A D  ---------------

Current thread (0x00000000178fd000):  JavaThread "C2 CompilerThread1" daemon [_thread_in_native, id=10832, stack(0x0000000019400000,0x0000000019500000)]

Stack: [0x0000000019400000,0x0000000019500000]
[error occurred during error reporting (printing stack bounds), id 0xc0000005]

Native frames: (J=compiled Java code, j=interpreted, Vv=VM code, C=native code)


Current CompileTask:
C2: 471794 18481       4       java.io.StringWriter::write (17 bytes)


---------------  P R O C E S S  ---------------

Java Threads: ( => current thread )
  0x000000001e68c000 JavaThread "WorkerExecutor Queue Thread 4" [_thread_blocked, id=7356, stack(0x000000002e3a0000,0x000000002e4a0000)]
  0x000000001e68e000 JavaThread "WorkerExecutor Queue Thread 3" [_thread_blocked, id=20736, stack(0x000000002e2a0000,0x000000002e3a0000)]
  0x000000001e690800 JavaThread "WorkerExecutor Queue Thread 2" [_thread_blocked, id=16436, stack(0x000000002e1a0000,0x000000002e2a0000)]
  0x000000001e68b000 JavaThread "WorkerExecutor Queue" [_thread_blocked, id=20920, stack(0x000000002e0a0000,0x000000002e1a0000)]
  0x000000001e68d800 JavaThread "ForkJoinPool.commonPool-worker-1" daemon [_thread_blocked, id=20000, stack(0x000000002d5a0000,0x000000002d6a0000)]
  0x000000001e692000 JavaThread "ForkJoinPool.commonPool-worker-0" daemon [_thread_blocked, id=21192, stack(0x000000002c4d0000,0x000000002c5d0000)]
  0x000000001e523800 JavaThread "jar transforms Thread 188" [_thread_blocked, id=16236, stack(0x0000000028020000,0x0000000028120000)]
  0x000000001e51c000 JavaThread "jar transforms Thread 187" [_thread_blocked, id=18400, stack(0x0000000027f20000,0x0000000028020000)]
  0x000000001e522800 JavaThread "jar transforms Thread 186" [_thread_blocked, id=16736, stack(0x0000000027e20000,0x0000000027f20000)]
  0x000000001e51b000 JavaThread "jar transforms Thread 185" [_thread_blocked, id=18412, stack(0x0000000027d20000,0x0000000027e20000)]
  0x000000001e521000 JavaThread "jar transforms Thread 184" [_thread_blocked, id=19172, stack(0x0000000027c20000,0x0000000027d20000)]
  0x000000001e522000 JavaThread "jar transforms Thread 183" [_thread_blocked, id=7764, stack(0x0000000027b20000,0x0000000027c20000)]
  0x000000001e51f800 JavaThread "jar transforms Thread 182" [_thread_blocked, id=15744, stack(0x0000000027a20000,0x0000000027b20000)]
  0x000000001e520800 JavaThread "jar transforms Thread 181" [_thread_blocked, id=18380, stack(0x0000000027920000,0x0000000027a20000)]
  0x000000001e51f000 JavaThread "jar transforms Thread 180" [_thread_blocked, id=12148, stack(0x0000000027820000,0x0000000027920000)]
  0x000000001e51e000 JavaThread "jar transforms Thread 179" [_thread_blocked, id=8800, stack(0x0000000027720000,0x0000000027820000)]
  0x000000001e51d800 JavaThread "jar transforms Thread 178" [_thread_blocked, id=15588, stack(0x0000000027620000,0x0000000027720000)]
  0x000000001e519800 JavaThread "jar transforms Thread 177" [_thread_blocked, id=5312, stack(0x0000000027520000,0x0000000027620000)]
  0x000000001e51a800 JavaThread "jar transforms Thread 176" [_thread_blocked, id=16948, stack(0x0000000027420000,0x0000000027520000)]
  0x000000001e17e800 JavaThread "jar transforms Thread 175" [_thread_blocked, id=2452, stack(0x0000000027320000,0x0000000027420000)]
  0x000000001e17d000 JavaThread "jar transforms Thread 174" [_thread_blocked, id=6600, stack(0x0000000027220000,0x0000000027320000)]
  0x000000001e17d800 JavaThread "jar transforms Thread 173" [_thread_blocked, id=15796, stack(0x0000000027120000,0x0000000027220000)]
  0x000000001e17c000 JavaThread "jar transforms Thread 172" [_thread_blocked, id=4552, stack(0x0000000027020000,0x0000000027120000)]
  0x000000001e17a000 JavaThread "jar transforms Thread 171" [_thread_blocked, id=11080, stack(0x0000000026f20000,0x0000000027020000)]
  0x000000001e17b800 JavaThread "jar transforms Thread 170" [_thread_blocked, id=468, stack(0x0000000026e20000,0x0000000026f20000)]
  0x000000001e179000 JavaThread "jar transforms Thread 169" [_thread_blocked, id=17620, stack(0x0000000026d20000,0x0000000026e20000)]
  0x000000001e17a800 JavaThread "jar transforms Thread 168" [_thread_blocked, id=2092, stack(0x0000000026c20000,0x0000000026d20000)]
  0x000000001e178800 JavaThread "jar transforms Thread 167" [_thread_blocked, id=18064, stack(0x0000000026b20000,0x0000000026c20000)]
  0x000000001e171000 JavaThread "jar transforms Thread 166" [_thread_blocked, id=15428, stack(0x0000000026a20000,0x0000000026b20000)]
  0x000000001e177800 JavaThread "jar transforms Thread 165" [_thread_blocked, id=10104, stack(0x0000000026920000,0x0000000026a20000)]
  0x000000001e170000 JavaThread "jar transforms Thread 164" [_thread_blocked, id=7932, stack(0x0000000026820000,0x0000000026920000)]
  0x000000001e177000 JavaThread "jar transforms Thread 163" [_thread_blocked, id=21172, stack(0x0000000026720000,0x0000000026820000)]
  0x000000001e16f800 JavaThread "jar transforms Thread 162" [_thread_blocked, id=2984, stack(0x0000000026620000,0x0000000026720000)]
  0x000000001e175800 JavaThread "jar transforms Thread 161" [_thread_blocked, id=13880, stack(0x0000000026520000,0x0000000026620000)]
  0x000000001e176000 JavaThread "jar transforms Thread 160" [_thread_blocked, id=21464, stack(0x0000000026420000,0x0000000026520000)]
  0x000000001e174000 JavaThread "jar transforms Thread 159" [_thread_blocked, id=14588, stack(0x0000000026320000,0x0000000026420000)]
  0x000000001e174800 JavaThread "jar transforms Thread 158" [_thread_blocked, id=19056, stack(0x0000000026220000,0x0000000026320000)]
  0x000000001e173000 JavaThread "jar transforms Thread 157" [_thread_blocked, id=19772, stack(0x0000000026120000,0x0000000026220000)]
  0x000000001e172800 JavaThread "jar transforms Thread 156" [_thread_blocked, id=11572, stack(0x0000000026020000,0x0000000026120000)]
  0x000000001e171800 JavaThread "jar transforms Thread 155" [_thread_blocked, id=832, stack(0x0000000025f20000,0x0000000026020000)]
  0x000000001b5c7800 JavaThread "jar transforms Thread 154" [_thread_blocked, id=19224, stack(0x0000000025e20000,0x0000000025f20000)]
  0x000000001b5c7000 JavaThread "jar transforms Thread 153" [_thread_blocked, id=11016, stack(0x0000000025d20000,0x0000000025e20000)]
  0x000000001b5ca800 JavaThread "jar transforms Thread 152" [_thread_blocked, id=20072, stack(0x0000000025c20000,0x0000000025d20000)]
  0x000000001b5c5800 JavaThread "jar transforms Thread 151" [_thread_blocked, id=4380, stack(0x0000000025b20000,0x0000000025c20000)]
  0x000000001ef94800 JavaThread "jar transforms Thread 150" [_thread_blocked, id=18856, stack(0x0000000025a20000,0x0000000025b20000)]
  0x000000001ef93800 JavaThread "jar transforms Thread 149" [_thread_blocked, id=21324, stack(0x0000000025920000,0x0000000025a20000)]
  0x000000001ef93000 JavaThread "jar transforms Thread 148" [_thread_blocked, id=3344, stack(0x0000000025820000,0x0000000025920000)]
  0x000000001ef91000 JavaThread "jar transforms Thread 147" [_thread_blocked, id=9740, stack(0x0000000025720000,0x0000000025820000)]
  0x000000001ef92000 JavaThread "jar transforms Thread 146" [_thread_blocked, id=7276, stack(0x0000000025620000,0x0000000025720000)]
  0x000000001ef90800 JavaThread "jar transforms Thread 145" [_thread_blocked, id=10868, stack(0x0000000025520000,0x0000000025620000)]
  0x000000001a5a1800 JavaThread "jar transforms Thread 144" [_thread_blocked, id=15860, stack(0x0000000025420000,0x0000000025520000)]
  0x000000001a597800 JavaThread "jar transforms Thread 143" [_thread_blocked, id=20212, stack(0x0000000025320000,0x0000000025420000)]
  0x000000001a598800 JavaThread "jar transforms Thread 142" [_thread_blocked, id=5512, stack(0x0000000025220000,0x0000000025320000)]
  0x000000001a59e800 JavaThread "jar transforms Thread 141" [_thread_blocked, id=17696, stack(0x0000000025120000,0x0000000025220000)]
  0x000000001a597000 JavaThread "jar transforms Thread 140" [_thread_blocked, id=18800, stack(0x0000000025020000,0x0000000025120000)]
  0x000000001a596000 JavaThread "jar transforms Thread 139" [_thread_blocked, id=2248, stack(0x0000000024f20000,0x0000000025020000)]
  0x000000001a59c000 JavaThread "jar transforms Thread 138" [_thread_blocked, id=16148, stack(0x0000000024e20000,0x0000000024f20000)]
  0x000000001a59a800 JavaThread "jar transforms Thread 137" [_thread_blocked, id=11844, stack(0x0000000024d20000,0x0000000024e20000)]
  0x000000001a59a000 JavaThread "jar transforms Thread 136" [_thread_blocked, id=17168, stack(0x0000000024c20000,0x0000000024d20000)]
  0x000000001a59b800 JavaThread "jar transforms Thread 135" [_thread_blocked, id=3836, stack(0x0000000024b20000,0x0000000024c20000)]
  0x000000001a592800 JavaThread "jar transforms Thread 134" [_thread_blocked, id=4444, stack(0x0000000024a20000,0x0000000024b20000)]
  0x000000001a594800 JavaThread "jar transforms Thread 133" [_thread_blocked, id=3464, stack(0x0000000024920000,0x0000000024a20000)]
  0x000000001acf7800 JavaThread "jar transforms Thread 132" [_thread_blocked, id=16600, stack(0x0000000024820000,0x0000000024920000)]
  0x000000001acf4800 JavaThread "jar transforms Thread 131" [_thread_blocked, id=14796, stack(0x0000000024720000,0x0000000024820000)]
  0x000000001acf6000 JavaThread "jar transforms Thread 130" [_thread_blocked, id=14660, stack(0x0000000024620000,0x0000000024720000)]
  0x000000001acf7000 JavaThread "jar transforms Thread 129" [_thread_blocked, id=14004, stack(0x0000000024520000,0x0000000024620000)]
  0x000000001acf4000 JavaThread "jar transforms Thread 128" [_thread_blocked, id=15720, stack(0x0000000024420000,0x0000000024520000)]
  0x000000001acee800 JavaThread "jar transforms Thread 127" [_thread_blocked, id=10408, stack(0x0000000024320000,0x0000000024420000)]
  0x000000001acf3000 JavaThread "jar transforms Thread 126" [_thread_blocked, id=2232, stack(0x0000000024220000,0x0000000024320000)]
  0x000000001acf2000 JavaThread "jar transforms Thread 125" [_thread_blocked, id=17848, stack(0x0000000024120000,0x0000000024220000)]
  0x000000001acf5800 JavaThread "jar transforms Thread 124" [_thread_blocked, id=16568, stack(0x0000000024020000,0x0000000024120000)]
  0x000000001acea800 JavaThread "jar transforms Thread 123" [_thread_blocked, id=21472, stack(0x0000000023f20000,0x0000000024020000)]
  0x000000001acf1800 JavaThread "jar transforms Thread 122" [_thread_blocked, id=16272, stack(0x0000000023e20000,0x0000000023f20000)]
  0x000000001acf0800 JavaThread "jar transforms Thread 121" [_thread_blocked, id=18356, stack(0x0000000023d20000,0x0000000023e20000)]
  0x000000001acf0000 JavaThread "jar transforms Thread 120" [_thread_blocked, id=1956, stack(0x0000000023c20000,0x0000000023d20000)]
  0x000000001ace8800 JavaThread "jar transforms Thread 119" [_thread_blocked, id=19396, stack(0x0000000023b20000,0x0000000023c20000)]
  0x000000001acea000 JavaThread "jar transforms Thread 118" [_thread_blocked, id=4856, stack(0x0000000023a20000,0x0000000023b20000)]
  0x000000002a40f800 JavaThread "jar transforms Thread 117" [_thread_blocked, id=16836, stack(0x0000000023920000,0x0000000023a20000)]
  0x000000002a40e800 JavaThread "jar transforms Thread 116" [_thread_blocked, id=18372, stack(0x0000000023820000,0x0000000023920000)]
  0x000000002a40e000 JavaThread "jar transforms Thread 115" [_thread_blocked, id=17728, stack(0x0000000023720000,0x0000000023820000)]
  0x000000002a40d000 JavaThread "jar transforms Thread 114" [_thread_blocked, id=19616, stack(0x0000000023620000,0x0000000023720000)]
  0x000000002a40b800 JavaThread "jar transforms Thread 113" [_thread_blocked, id=11724, stack(0x0000000023520000,0x0000000023620000)]
  0x000000002a40c000 JavaThread "jar transforms Thread 112" [_thread_blocked, id=18876, stack(0x0000000023420000,0x0000000023520000)]
  0x000000002a404000 JavaThread "jar transforms Thread 111" [_thread_blocked, id=15268, stack(0x0000000023320000,0x0000000023420000)]
  0x000000002a40a800 JavaThread "jar transforms Thread 110" [_thread_blocked, id=14676, stack(0x0000000023220000,0x0000000023320000)]
  0x000000002a403000 JavaThread "jar transforms Thread 109" [_thread_blocked, id=10096, stack(0x0000000023120000,0x0000000023220000)]
  0x000000002a407000 JavaThread "jar transforms Thread 108" [_thread_blocked, id=4388, stack(0x0000000023020000,0x0000000023120000)]
  0x000000002a40a000 JavaThread "jar transforms Thread 107" [_thread_blocked, id=12516, stack(0x0000000022f20000,0x0000000023020000)]
  0x000000002a402800 JavaThread "jar transforms Thread 106" [_thread_blocked, id=15024, stack(0x0000000022e20000,0x0000000022f20000)]
  0x000000002a406000 JavaThread "jar transforms Thread 105" [_thread_blocked, id=924, stack(0x0000000022d20000,0x0000000022e20000)]
  0x000000002a409000 JavaThread "jar transforms Thread 104" [_thread_blocked, id=17928, stack(0x0000000022c20000,0x0000000022d20000)]
  0x000000002a401800 JavaThread "jar transforms Thread 103" [_thread_blocked, id=6028, stack(0x0000000022b20000,0x0000000022c20000)]
  0x000000002a405800 JavaThread "jar transforms Thread 102" [_thread_blocked, id=11068, stack(0x0000000022a20000,0x0000000022b20000)]
  0x000000002a404800 JavaThread "jar transforms Thread 101" [_thread_blocked, id=4520, stack(0x0000000022920000,0x0000000022a20000)]
  0x000000002a407800 JavaThread "jar transforms Thread 100" [_thread_blocked, id=7848, stack(0x0000000022820000,0x0000000022920000)]
  0x000000002a408800 JavaThread "jar transforms Thread 99" [_thread_blocked, id=11084, stack(0x0000000022720000,0x0000000022820000)]
  0x000000001a8b5800 JavaThread "jar transforms Thread 98" [_thread_blocked, id=17768, stack(0x0000000022620000,0x0000000022720000)]
  0x000000001a8b5000 JavaThread "jar transforms Thread 97" [_thread_blocked, id=12236, stack(0x0000000022520000,0x0000000022620000)]
  0x000000001a8b4000 JavaThread "jar transforms Thread 96" [_thread_blocked, id=7720, stack(0x0000000022420000,0x0000000022520000)]
  0x000000001a8b3800 JavaThread "jar transforms Thread 95" [_thread_blocked, id=5256, stack(0x0000000022100000,0x0000000022200000)]
  0x000000001a8b2800 JavaThread "Build operations Thread 4" [_thread_blocked, id=10560, stack(0x0000000022320000,0x0000000022420000)]
  0x000000001a8b2000 JavaThread "Build operations Thread 3" [_thread_blocked, id=11852, stack(0x0000000022220000,0x0000000022320000)]
  0x000000001a8b1000 JavaThread "Build operations Thread 2" [_thread_blocked, id=5072, stack(0x0000000021900000,0x0000000021a00000)]
  0x000000001a8b7000 JavaThread "Build operations" [_thread_blocked, id=5296, stack(0x0000000021100000,0x0000000021200000)]
  0x000000001a8a9000 JavaThread "Cache worker for checksums cache (F:\hkust\2021spring\comp4521\Project\.gradle\checksums)" [_thread_blocked, id=14224, stack(0x000000001eab0000,0x000000001ebb0000)]
  0x000000001a8ae000 JavaThread "Cache worker for file hash cache (F:\hkust\2021spring\comp4521\Project\.gradle\6.5\fileHashes)" [_thread_blocked, id=16820, stack(0x000000001cfe0000,0x000000001d0e0000)]
  0x000000001a8af000 JavaThread "Thread-155" [_thread_blocked, id=14664, stack(0x000000001cce0000,0x000000001cde0000)]
  0x000000001a8aa800 JavaThread "Stdin handler" [_thread_blocked, id=132, stack(0x000000001cbe0000,0x000000001cce0000)]
  0x000000001a8af800 JavaThread "Asynchronous log dispatcher for DefaultDaemonConnection: socket connection from /127.0.0.1:54998 to /127.0.0.1:56207" [_thread_blocked, id=12328, stack(0x000000001cae0000,0x000000001cbe0000)]
  0x000000001a8a8000 JavaThread "Daemon worker Thread 2" [_thread_in_native, id=17400, stack(0x000000001c9e0000,0x000000001cae0000)]
  0x000000001a8ac800 JavaThread "Cancel handler" [_thread_blocked, id=6644, stack(0x000000001c3a0000,0x000000001c4a0000)]
  0x000000001a8ad800 JavaThread "Handler for socket connection from /127.0.0.1:54998 to /127.0.0.1:56207" [_thread_in_native, id=1224, stack(0x000000001c2a0000,0x000000001c3a0000)]
  0x000000001a8ab000 JavaThread "Daemon Thread 2" [_thread_blocked, id=15264, stack(0x00000000025d0000,0x00000000026d0000)]
  0x000000001a593000 JavaThread "Cache worker for Java compile cache (C:\Users\YK\.gradle\caches\6.5\javaCompile)" [_thread_blocked, id=2192, stack(0x000000002b110000,0x000000002b210000)]
  0x000000001ef96000 JavaThread "Memory manager" [_thread_blocked, id=12484, stack(0x00000000286b0000,0x00000000287b0000)]
  0x000000001b5c4800 JavaThread "Cache worker for file content cache (C:\Users\YK\.gradle\caches\6.5\fileContent)" [_thread_blocked, id=2484, stack(0x0000000021a00000,0x0000000021b00000)]
  0x000000001b5ca000 JavaThread "Cache worker for execution history cache (C:\Users\YK\.gradle\caches\6.5\executionHistory)" [_thread_blocked, id=15000, stack(0x0000000021200000,0x0000000021300000)]
  0x000000001b5c6000 JavaThread "Cache worker for file hash cache (C:\Users\YK\.gradle\caches\6.5\fileHashes)" [_thread_blocked, id=12736, stack(0x000000001d5e0000,0x000000001d6e0000)]
  0x000000001b5c8800 JavaThread "File lock request listener" [_thread_in_native, id=19776, stack(0x000000001d4e0000,0x000000001d5e0000)]
  0x000000001b4b1800 JavaThread "Cache worker for journal cache (C:\Users\YK\.gradle\caches\journal-1)" [_thread_blocked, id=13416, stack(0x000000001d2e0000,0x000000001d3e0000)]
  0x000000001b37e000 JavaThread "Daemon periodic checks" [_thread_blocked, id=1624, stack(0x000000001c6e0000,0x000000001c7e0000)]
  0x000000001b37d800 JavaThread "Incoming local TCP Connector on port 54998" [_thread_in_native, id=19872, stack(0x000000001c4a0000,0x000000001c5a0000)]
  0x000000001b2c4800 JavaThread "Daemon health stats" [_thread_blocked, id=15480, stack(0x000000001c1a0000,0x000000001c2a0000)]
  0x0000000018d10000 JavaThread "Service Thread" daemon [_thread_blocked, id=19220, stack(0x0000000019600000,0x0000000019700000)]
  0x0000000018d0b800 JavaThread "C1 CompilerThread2" daemon [_thread_blocked, id=20560, stack(0x0000000019500000,0x0000000019600000)]
=>0x00000000178fd000 JavaThread "C2 CompilerThread1" daemon [_thread_in_native, id=10832, stack(0x0000000019400000,0x0000000019500000)]
  0x00000000178af800 JavaThread "C2 CompilerThread0" daemon [_thread_in_native, id=8244, stack(0x0000000019300000,0x0000000019400000)]
  0x0000000017897800 JavaThread "Attach Listener" daemon [_thread_blocked, id=12692, stack(0x0000000019200000,0x0000000019300000)]
  0x0000000017896800 JavaThread "Signal Dispatcher" daemon [_thread_blocked, id=4656, stack(0x0000000019100000,0x0000000019200000)]
  0x0000000002c7a000 JavaThread "Finalizer" daemon [_thread_blocked, id=13204, stack(0x0000000018b00000,0x0000000018c00000)]
  0x0000000002c71000 JavaThread "Reference Handler" daemon [_thread_blocked, id=1448, stack(0x0000000018a00000,0x0000000018b00000)]
  0x00000000026de000 JavaThread "main" [_thread_blocked, id=5036, stack(0x0000000002a80000,0x0000000002b80000)]

Other Threads:
  0x0000000017867000 VMThread [stack: 0x0000000018900000,0x0000000018a00000] [id=7304]
  0x0000000018d11800 WatcherThread [stack: 0x0000000019700000,0x0000000019800000] [id=11856]

VM state:not at safepoint (normal execution)

VM Mutex/Monitor currently owned by a thread: None

OutOfMemory and StackOverflow Exception counts:
OutOfMemoryError java_heap_errors=2

heap address: 0x0000000080000000, size: 2048 MB, Compressed Oops mode: 32-bit
Narrow klass base: 0x0000000000000000, Narrow klass shift: 3
Compressed class space size: 1073741824 Address: 0x0000000100000000

Heap:
 PSYoungGen      total 323072K, used 125094K [0x00000000d5580000, 0x00000000f3600000, 0x0000000100000000)
  eden space 235008K, 15% used [0x00000000d5580000,0x00000000d79af810,0x00000000e3b00000)
  from space 88064K, 99% used [0x00000000ea980000,0x00000000eff7a210,0x00000000eff80000)
  to   space 113152K, 0% used [0x00000000e3b00000,0x00000000e3b00000,0x00000000ea980000)
 ParOldGen       total 743936K, used 110551K [0x0000000080000000, 0x00000000ad680000, 0x00000000d5580000)
  object space 743936K, 14% used [0x0000000080000000,0x0000000086bf5d08,0x00000000ad680000)
 Metaspace       used 91842K, capacity 96486K, committed 96664K, reserved 1136640K
  class space    used 12043K, capacity 12932K, committed 12976K, reserved 1048576K

Card table byte_map: [0x0000000012040000,0x0000000012450000] byte_map_base: 0x0000000011c40000

Marking Bits: (ParMarkBitMap*) 0x000000006701f030
 Begin Bits: [0x0000000012b00000, 0x0000000014b00000)
 End Bits:   [0x0000000014b00000, 0x0000000016b00000)

Polling page: 0x0000000000d60000

CodeCache: size=245760Kb used=53500Kb max_used=53500Kb free=192259Kb
 bounds [0x0000000002c80000, 0x0000000006100000, 0x0000000011c80000]
 total_blobs=15987 nmethods=15129 adapters=768
 compilation: enabled

Compilation events (10 events):
Event: 471.778 Thread 0x0000000018d0b800 18491       3       com.google.protobuf.CodedOutputStream$ArrayEncoder::writeInt32 (12 bytes)
Event: 471.778 Thread 0x0000000018d0b800 nmethod 18491 0x00000000060f7b50 code [0x00000000060f7ce0, 0x00000000060f82c8]
Event: 471.778 Thread 0x0000000018d0b800 18492       3       com.google.protobuf.CodedOutputStream$ArrayEncoder::writeInt32NoTag (19 bytes)
Event: 471.778 Thread 0x0000000018d0b800 nmethod 18492 0x00000000060f8490 code [0x00000000060f8600, 0x00000000060f8918]
Event: 471.778 Thread 0x0000000018d0b800 18493       3       com.google.protobuf.CodedOutputStream$ArrayEncoder::writeBool (21 bytes)
Event: 471.779 Thread 0x0000000018d0b800 nmethod 18493 0x00000000060f89d0 code [0x00000000060f8b60, 0x00000000060f8fb8]
Event: 471.779 Thread 0x0000000018d0b800 18494       3       java.util.concurrent.CopyOnWriteArrayList::indexOf (14 bytes)
Event: 471.779 Thread 0x0000000018d0b800 nmethod 18494 0x00000000060f9110 code [0x00000000060f9280, 0x00000000060f94a8]
Event: 471.779 Thread 0x0000000018d0b800 18487   !   3       com.google.protobuf.CodedOutputStream::computeStringSizeNoTag (25 bytes)
Event: 471.779 Thread 0x0000000018d0b800 nmethod 18487 0x00000000060f9590 code [0x00000000060f9720, 0x00000000060f9aa8]

GC Heap History (10 events):
Event: 40.954 GC heap before
{Heap before GC invocations=26 (full 7):
 PSYoungGen      total 289280K, used 47100K [0x00000000d5580000, 0x00000000ee300000, 0x0000000100000000)
  eden space 242176K, 0% used [0x00000000d5580000,0x00000000d5580000,0x00000000e4200000)
  from space 47104K, 99% used [0x00000000e4200000,0x00000000e6fff038,0x00000000e7000000)
  to   space 79360K, 0% used [0x00000000e9580000,0x00000000e9580000,0x00000000ee300000)
 ParOldGen       total 139776K, used 139265K [0x0000000080000000, 0x0000000088880000, 0x00000000d5580000)
  object space 139776K, 99% used [0x0000000080000000,0x0000000088800448,0x0000000088880000)
 Metaspace       used 86993K, capacity 91568K, committed 91800K, reserved 1132544K
  class space    used 11529K, capacity 12387K, committed 12464K, reserved 1048576K
Event: 41.703 GC heap after
Heap after GC invocations=26 (full 7):
 PSYoungGen      total 289280K, used 27548K [0x00000000d5580000, 0x00000000ee300000, 0x0000000100000000)
  eden space 242176K, 0% used [0x00000000d5580000,0x00000000d5580000,0x00000000e4200000)
  from space 47104K, 58% used [0x00000000e4200000,0x00000000e5ce72c8,0x00000000e7000000)
  to   space 79360K, 0% used [0x00000000e9580000,0x00000000e9580000,0x00000000ee300000)
 ParOldGen       total 139776K, used 139725K [0x0000000080000000, 0x0000000088880000, 0x00000000d5580000)
  object space 139776K, 99% used [0x0000000080000000,0x0000000088873630,0x0000000088880000)
 Metaspace       used 86951K, capacity 91462K, committed 91800K, reserved 1132544K
  class space    used 11515K, capacity 12362K, committed 12464K, reserved 1048576K
}
Event: 464.679 GC heap before
{Heap before GC invocations=27 (full 8):
 PSYoungGen      total 289280K, used 269724K [0x00000000d5580000, 0x00000000ee300000, 0x0000000100000000)
  eden space 242176K, 100% used [0x00000000d5580000,0x00000000e4200000,0x00000000e4200000)
  from space 47104K, 58% used [0x00000000e4200000,0x00000000e5ce72c8,0x00000000e7000000)
  to   space 79360K, 0% used [0x00000000e9580000,0x00000000e9580000,0x00000000ee300000)
 ParOldGen       total 139776K, used 139725K [0x0000000080000000, 0x0000000088880000, 0x00000000d5580000)
  object space 139776K, 99% used [0x0000000080000000,0x0000000088873630,0x0000000088880000)
 Metaspace       used 91041K, capacity 95582K, committed 95896K, reserved 1136640K
  class space    used 12021K, capacity 12902K, committed 12976K, reserved 1048576K
Event: 464.836 GC heap after
Heap after GC invocations=27 (full 8):
 PSYoungGen      total 289280K, used 0K [0x00000000d5580000, 0x00000000ee300000, 0x0000000100000000)
  eden space 242176K, 0% used [0x00000000d5580000,0x00000000d5580000,0x00000000e4200000)
  from space 47104K, 0% used [0x00000000e4200000,0x00000000e4200000,0x00000000e7000000)
  to   space 79360K, 0% used [0x00000000e9580000,0x00000000e9580000,0x00000000ee300000)
 ParOldGen       total 743936K, used 84570K [0x0000000080000000, 0x00000000ad680000, 0x00000000d5580000)
  object space 743936K, 11% used [0x0000000080000000,0x0000000085296820,0x00000000ad680000)
 Metaspace       used 91041K, capacity 95582K, committed 95896K, reserved 1136640K
  class space    used 12021K, capacity 12902K, committed 12976K, reserved 1048576K
}
Event: 468.030 GC heap before
{Heap before GC invocations=28 (full 8):
 PSYoungGen      total 289280K, used 242175K [0x00000000d5580000, 0x00000000ee300000, 0x0000000100000000)
  eden space 242176K, 99% used [0x00000000d5580000,0x00000000e41ffce8,0x00000000e4200000)
  from space 47104K, 0% used [0x00000000e4200000,0x00000000e4200000,0x00000000e7000000)
  to   space 79360K, 0% used [0x00000000e9580000,0x00000000e9580000,0x00000000ee300000)
 ParOldGen       total 743936K, used 84570K [0x0000000080000000, 0x00000000ad680000, 0x00000000d5580000)
  object space 743936K, 11% used [0x0000000080000000,0x0000000085296820,0x00000000ad680000)
 Metaspace       used 91578K, capacity 96248K, committed 96408K, reserved 1136640K
  class space    used 12036K, capacity 12927K, committed 12976K, reserved 1048576K
Event: 468.045 GC heap after
Heap after GC invocations=28 (full 8):
 PSYoungGen      total 325632K, used 12923K [0x00000000d5580000, 0x00000000edf80000, 0x0000000100000000)
  eden space 249856K, 0% used [0x00000000d5580000,0x00000000d5580000,0x00000000e4980000)
  from space 75776K, 17% used [0x00000000e9580000,0x00000000ea21efd0,0x00000000edf80000)
  to   space 76800K, 0% used [0x00000000e4980000,0x00000000e4980000,0x00000000e9480000)
 ParOldGen       total 743936K, used 84578K [0x0000000080000000, 0x00000000ad680000, 0x00000000d5580000)
  object space 743936K, 11% used [0x0000000080000000,0x0000000085298820,0x00000000ad680000)
 Metaspace       used 91578K, capacity 96248K, committed 96408K, reserved 1136640K
  class space    used 12036K, capacity 12927K, committed 12976K, reserved 1048576K
}
Event: 469.603 GC heap before
{Heap before GC invocations=29 (full 8):
 PSYoungGen      total 325632K, used 262779K [0x00000000d5580000, 0x00000000edf80000, 0x0000000100000000)
  eden space 249856K, 100% used [0x00000000d5580000,0x00000000e4980000,0x00000000e4980000)
  from space 75776K, 17% used [0x00000000e9580000,0x00000000ea21efd0,0x00000000edf80000)
  to   space 76800K, 0% used [0x00000000e4980000,0x00000000e4980000,0x00000000e9480000)
 ParOldGen       total 743936K, used 84578K [0x0000000080000000, 0x00000000ad680000, 0x00000000d5580000)
  object space 743936K, 11% used [0x0000000080000000,0x0000000085298820,0x00000000ad680000)
 Metaspace       used 91745K, capacity 96422K, committed 96664K, reserved 1136640K
  class space    used 12041K, capacity 12932K, committed 12976K, reserved 1048576K
Event: 469.664 GC heap after
Heap after GC invocations=29 (full 8):
 PSYoungGen      total 326656K, used 69888K [0x00000000d5580000, 0x00000000eff80000, 0x0000000100000000)
  eden space 249856K, 0% used [0x00000000d5580000,0x00000000d5580000,0x00000000e4980000)
  from space 76800K, 91% used [0x00000000e4980000,0x00000000e8dc01f0,0x00000000e9480000)
  to   space 88064K, 0% used [0x00000000ea980000,0x00000000ea980000,0x00000000eff80000)
 ParOldGen       total 743936K, used 84586K [0x0000000080000000, 0x00000000ad680000, 0x00000000d5580000)
  object space 743936K, 11% used [0x0000000080000000,0x000000008529a820,0x00000000ad680000)
 Metaspace       used 91745K, capacity 96422K, committed 96664K, reserved 1136640K
  class space    used 12041K, capacity 12932K, committed 12976K, reserved 1048576K
}
Event: 470.831 GC heap before
{Heap before GC invocations=30 (full 8):
 PSYoungGen      total 326656K, used 319744K [0x00000000d5580000, 0x00000000eff80000, 0x0000000100000000)
  eden space 249856K, 100% used [0x00000000d5580000,0x00000000e4980000,0x00000000e4980000)
  from space 76800K, 91% used [0x00000000e4980000,0x00000000e8dc01f0,0x00000000e9480000)
  to   space 88064K, 0% used [0x00000000ea980000,0x00000000ea980000,0x00000000eff80000)
 ParOldGen       total 743936K, used 84586K [0x0000000080000000, 0x00000000ad680000, 0x00000000d5580000)
  object space 743936K, 11% used [0x0000000080000000,0x000000008529a820,0x00000000ad680000)
 Metaspace       used 91760K, capacity 96422K, committed 96664K, reserved 1136640K
  class space    used 12041K, capacity 12932K, committed 12976K, reserved 1048576K
Event: 470.938 GC heap after
Heap after GC invocations=30 (full 8):
 PSYoungGen      total 323072K, used 88040K [0x00000000d5580000, 0x00000000f3600000, 0x0000000100000000)
  eden space 235008K, 0% used [0x00000000d5580000,0x00000000d5580000,0x00000000e3b00000)
  from space 88064K, 99% used [0x00000000ea980000,0x00000000eff7a210,0x00000000eff80000)
  to   space 113152K, 0% used [0x00000000e3b00000,0x00000000e3b00000,0x00000000ea980000)
 ParOldGen       total 743936K, used 110551K [0x0000000080000000, 0x00000000ad680000, 0x00000000d5580000)
  object space 743936K, 14% used [0x0000000080000000,0x0000000086bf5d08,0x00000000ad680000)
 Metaspace       used 91760K, capacity 96422K, committed 96664K, reserved 1136640K
  class space    used 12041K, capacity 12932K, committed 12976K, reserved 1048576K
}

Deoptimization events (10 events):
Event: 469.909 Thread 0x000000001e68e000 Uncommon trap: reason=null_check action=make_not_entrant pc=0x0000000005f27a88 method=com.android.tools.r8.q.a.b.h.b(Ljava/lang/Object;)V @ 71
Event: 470.294 Thread 0x000000001e68e000 Uncommon trap: reason=array_check action=maybe_recompile pc=0x00000000040853f8 method=java.util.TimSort.binarySort([Ljava/lang/Object;IIILjava/util/Comparator;)V @ 183
Event: 470.637 Thread 0x000000001e68f000 Uncommon trap: reason=unstable_if action=reinterpret pc=0x000000000332e094 method=com.android.tools.r8.graph.l0$w.equals(Ljava/lang/Object;)Z @ 11
Event: 470.781 Thread 0x000000001e68f000 Uncommon trap: reason=unstable_if action=reinterpret pc=0x0000000005a7f4cc method=com.android.tools.r8.graph.G.b()Lcom/android/tools/r8/graph/N; @ 4
Event: 471.592 Thread 0x000000001e525800 Uncommon trap: reason=class_check action=maybe_recompile pc=0x00000000049cb60c method=org.gradle.internal.fingerprint.classpath.impl.ClasspathFingerprintingStrategy$ClasspathContentFingerprintingVisitor.visitFile(Lorg/gradle/internal/snapshot/CompleteFile
Event: 471.592 Thread 0x000000001e525800 Uncommon trap: reason=class_check action=maybe_recompile pc=0x00000000054e2f80 method=org.gradle.internal.fingerprint.impl.DefaultCurrentFileCollectionFingerprint.from(Ljava/lang/Iterable;Lorg/gradle/internal/fingerprint/FingerprintingStrategy;)Lorg/gradl
Event: 471.754 Thread 0x000000001e525800 Uncommon trap: reason=class_check action=maybe_recompile pc=0x000000000329de80 method=java.lang.Throwable.<init>(Ljava/lang/String;Ljava/lang/Throwable;)V @ 24
Event: 471.771 Thread 0x000000001a8a8000 Uncommon trap: reason=bimorphic action=maybe_recompile pc=0x0000000005e1d928 method=java.util.HashMap.removeNode(ILjava/lang/Object;Ljava/lang/Object;ZZ)Ljava/util/HashMap$Node; @ 143
Event: 471.774 Thread 0x000000001a8a8000 Uncommon trap: reason=bimorphic action=maybe_recompile pc=0x00000000048a8d94 method=com.google.common.cache.LocalCache$Segment.get(Ljava/lang/Object;I)Ljava/lang/Object; @ 44
Event: 471.776 Thread 0x000000001a8a8000 Uncommon trap: reason=bimorphic action=maybe_recompile pc=0x00000000048a8d94 method=com.google.common.cache.LocalCache$Segment.get(Ljava/lang/Object;I)Ljava/lang/Object; @ 44

Classes redefined (0 events):
No events

Internal exceptions (10 events):
Event: 468.298 Thread 0x000000001e690800 Exception <a 'sun/nio/fs/WindowsException'> (0x00000000d8090fe8) thrown at [C:\src\AOSP-openjdk-git\hotspot\src\share\vm\prims\jni.cpp, line 710]
Event: 468.299 Thread 0x000000001e690800 Exception <a 'sun/nio/fs/WindowsException'> (0x00000000d8098498) thrown at [C:\src\AOSP-openjdk-git\hotspot\src\share\vm\prims\jni.cpp, line 710]
Event: 468.301 Thread 0x000000001e690800 Exception <a 'sun/nio/fs/WindowsException'> (0x00000000d809fa68) thrown at [C:\src\AOSP-openjdk-git\hotspot\src\share\vm\prims\jni.cpp, line 710]
Event: 468.302 Thread 0x000000001e690800 Exception <a 'sun/nio/fs/WindowsException'> (0x00000000d812f350) thrown at [C:\src\AOSP-openjdk-git\hotspot\src\share\vm\prims\jni.cpp, line 710]
Event: 468.304 Thread 0x000000001e690800 Exception <a 'sun/nio/fs/WindowsException'> (0x00000000d81b6b88) thrown at [C:\src\AOSP-openjdk-git\hotspot\src\share\vm\prims\jni.cpp, line 710]
Event: 468.305 Thread 0x000000001e690800 Exception <a 'sun/nio/fs/WindowsException'> (0x00000000d81bdd18) thrown at [C:\src\AOSP-openjdk-git\hotspot\src\share\vm\prims\jni.cpp, line 710]
Event: 468.306 Thread 0x000000001e690800 Exception <a 'sun/nio/fs/WindowsException'> (0x00000000d81c47f0) thrown at [C:\src\AOSP-openjdk-git\hotspot\src\share\vm\prims\jni.cpp, line 710]
Event: 469.353 Thread 0x000000001e68e000 Exception <a 'sun/nio/fs/WindowsException'> (0x00000000de135ab8) thrown at [C:\src\AOSP-openjdk-git\hotspot\src\share\vm\prims\jni.cpp, line 710]
Event: 471.464 Thread 0x000000001e68f000 Exception <a 'sun/nio/fs/WindowsException'> (0x00000000d6a9dde8) thrown at [C:\src\AOSP-openjdk-git\hotspot\src\share\vm\prims\jni.cpp, line 710]
Event: 471.705 Thread 0x000000001e68d800 Exception <a 'java/lang/OutOfMemoryError'> (0x00000000d6fd1ff8) thrown at [C:\src\AOSP-openjdk-git\hotspot\src\share\vm\prims\unsafe.cpp, line 618]

Events (10 events):
Event: 471.774 Thread 0x000000001a8a8000 Uncommon trap: trap_request=0xffffffc6 fr.pc=0x00000000048a8d94
Event: 471.774 Thread 0x000000001a8a8000 DEOPT PACKING pc=0x00000000048a8d94 sp=0x000000001cadd7b0
Event: 471.774 Thread 0x000000001a8a8000 DEOPT UNPACKING pc=0x0000000002cc557b sp=0x000000001cadd780 mode 2
Event: 471.775 Executing VM operation: RevokeBias
Event: 471.775 Executing VM operation: RevokeBias done
Event: 471.776 Thread 0x000000001a8a8000 Uncommon trap: trap_request=0xffffffc6 fr.pc=0x00000000048a8d94
Event: 471.776 Thread 0x000000001a8a8000 DEOPT PACKING pc=0x00000000048a8d94 sp=0x000000001cadd660
Event: 471.776 Thread 0x000000001a8a8000 DEOPT UNPACKING pc=0x0000000002cc557b sp=0x000000001cadd630 mode 2
Event: 471.777 Executing VM operation: RevokeBias
Event: 471.778 Executing VM operation: RevokeBias done


Dynamic libraries:
0x00007ff7bd7e0000 - 0x00007ff7bd811000 	F:\AndroidStudio\jre\bin\java.exe
0x00007ffcf4c30000 - 0x00007ffcf4e25000 	C:\WINDOWS\SYSTEM32\ntdll.dll
0x00007ffcac820000 - 0x00007ffcac833000 	C:\Program Files\AVAST Software\Avast\aswhook.dll
0x00007ffcf2da0000 - 0x00007ffcf2e5d000 	C:\WINDOWS\System32\KERNEL32.DLL
0x00007ffcf25b0000 - 0x00007ffcf2878000 	C:\WINDOWS\System32\KERNELBASE.dll
0x00007ffcf2f70000 - 0x00007ffcf301c000 	C:\WINDOWS\System32\ADVAPI32.dll
0x00007ffcf3490000 - 0x00007ffcf352e000 	C:\WINDOWS\System32\msvcrt.dll
0x00007ffcf2d00000 - 0x00007ffcf2d9b000 	C:\WINDOWS\System32\sechost.dll
0x00007ffcf4980000 - 0x00007ffcf4aab000 	C:\WINDOWS\System32\RPCRT4.dll
0x00007ffcf4780000 - 0x00007ffcf4920000 	C:\WINDOWS\System32\USER32.dll
0x00007ffcf2900000 - 0x00007ffcf2922000 	C:\WINDOWS\System32\win32u.dll
0x00007ffcf41e0000 - 0x00007ffcf420a000 	C:\WINDOWS\System32\GDI32.dll
0x00007ffcf2b80000 - 0x00007ffcf2c8b000 	C:\WINDOWS\System32\gdi32full.dll
0x00007ffcf2ae0000 - 0x00007ffcf2b7d000 	C:\WINDOWS\System32\msvcp_win.dll
0x00007ffcf23a0000 - 0x00007ffcf24a0000 	C:\WINDOWS\System32\ucrtbase.dll
0x00007ffce1620000 - 0x00007ffce18ba000 	C:\WINDOWS\WinSxS\amd64_microsoft.windows.common-controls_6595b64144ccf1df_6.0.19041.844_none_ca00b6081b84eb1d\COMCTL32.dll
0x00007ffcf4340000 - 0x00007ffcf4370000 	C:\WINDOWS\System32\IMM32.DLL
0x0000000066690000 - 0x0000000066762000 	F:\AndroidStudio\jre\jre\bin\msvcr100.dll
0x0000000066850000 - 0x000000006709b000 	F:\AndroidStudio\jre\jre\bin\server\jvm.dll
0x00007ffcf2cf0000 - 0x00007ffcf2cf8000 	C:\WINDOWS\System32\PSAPI.DLL
0x00007ffce56b0000 - 0x00007ffce56d7000 	C:\WINDOWS\SYSTEM32\WINMM.dll
0x00007ffcf1250000 - 0x00007ffcf125a000 	C:\WINDOWS\SYSTEM32\VERSION.dll
0x00007ffcdc4d0000 - 0x00007ffcdc4d9000 	C:\WINDOWS\SYSTEM32\WSOCK32.dll
0x00007ffcf2e60000 - 0x00007ffcf2ecb000 	C:\WINDOWS\System32\WS2_32.dll
0x00007ffcecfb0000 - 0x00007ffcecfbf000 	F:\AndroidStudio\jre\jre\bin\verify.dll
0x00007ffcd3af0000 - 0x00007ffcd3b19000 	F:\AndroidStudio\jre\jre\bin\java.dll
0x00007ffcd4a10000 - 0x00007ffcd4a26000 	F:\AndroidStudio\jre\jre\bin\zip.dll
0x00007ffcf3730000 - 0x00007ffcf3e72000 	C:\WINDOWS\System32\SHELL32.dll
0x00007ffcf0a20000 - 0x00007ffcf11b0000 	C:\WINDOWS\SYSTEM32\windows.storage.dll
0x00007ffcf3e80000 - 0x00007ffcf41d5000 	C:\WINDOWS\System32\combase.dll
0x00007ffcf1de0000 - 0x00007ffcf1e0c000 	C:\WINDOWS\SYSTEM32\Wldp.dll
0x00007ffcf4ab0000 - 0x00007ffcf4b5e000 	C:\WINDOWS\System32\SHCORE.dll
0x00007ffcf42e0000 - 0x00007ffcf4335000 	C:\WINDOWS\System32\shlwapi.dll
0x00007ffcf22b0000 - 0x00007ffcf22cf000 	C:\WINDOWS\SYSTEM32\profapi.dll
0x00007ffcd2f50000 - 0x00007ffcd2f6a000 	F:\AndroidStudio\jre\jre\bin\net.dll
0x00007ffcf1b50000 - 0x00007ffcf1bba000 	C:\WINDOWS\system32\mswsock.dll
0x00007ffcd1da0000 - 0x00007ffcd1db3000 	F:\AndroidStudio\jre\jre\bin\nio.dll
0x00007ffcd8450000 - 0x00007ffcd8477000 	C:\Users\YK\.gradle\native\f6784746aeab05261644944871eae4fe03e0ef1612fff0a4a95f87b438bc6780\windows-amd64\native-platform.dll
0x00007ffcecc20000 - 0x00007ffcecc2d000 	F:\AndroidStudio\jre\jre\bin\management.dll
0x00007ffcf1d20000 - 0x00007ffcf1d38000 	C:\WINDOWS\SYSTEM32\CRYPTSP.dll
0x00007ffcf1480000 - 0x00007ffcf14b4000 	C:\WINDOWS\system32\rsaenh.dll
0x00007ffcf2370000 - 0x00007ffcf2397000 	C:\WINDOWS\System32\bcrypt.dll
0x00007ffcf2270000 - 0x00007ffcf229e000 	C:\WINDOWS\SYSTEM32\USERENV.dll
0x00007ffcf2880000 - 0x00007ffcf2900000 	C:\WINDOWS\System32\bcryptprimitives.dll
0x00007ffcf1d40000 - 0x00007ffcf1d4c000 	C:\WINDOWS\SYSTEM32\CRYPTBASE.dll
0x00007ffcf17f0000 - 0x00007ffcf182b000 	C:\WINDOWS\SYSTEM32\IPHLPAPI.DLL
0x00007ffcf4640000 - 0x00007ffcf4648000 	C:\WINDOWS\System32\NSI.dll
0x00007ffcea720000 - 0x00007ffcea737000 	C:\WINDOWS\SYSTEM32\dhcpcsvc6.DLL
0x00007ffceacc0000 - 0x00007ffceacdd000 	C:\WINDOWS\SYSTEM32\dhcpcsvc.DLL
0x00007ffcf1840000 - 0x00007ffcf190c000 	C:\WINDOWS\SYSTEM32\DNSAPI.dll
0x00007ffcebd90000 - 0x00007ffcebd9b000 	C:\WINDOWS\SYSTEM32\WINNSI.DLL

VM Arguments:
jvm_args: -Xmx2048m -Dfile.encoding=UTF-8 -Duser.country=US -Duser.language=en -Duser.variant 
java_command: org.gradle.launcher.daemon.bootstrap.GradleDaemon 6.5
java_class_path (initial): C:\Users\YK\.gradle\wrapper\dists\gradle-6.5-bin\6nifqtx7604sqp1q6g8wikw7p\gradle-6.5\lib\gradle-launcher-6.5.jar
Launcher Type: SUN_STANDARD

Environment Variables:
JAVA_HOME=C:\Program Files\Java\jdk1.8.0_201
PATH=F:\vmware\bin\;C:\Program Files\Java\jdk-12.0.2\bin;F:\app\client\YK\product\12.2.0\client_1;F:\app\client\YK\product\12.2.0\client_1\bin;F:\oracleDatabase\dbhomeXE\bin;C:\Program Files (x86)\Common Files\Oracle\Java\javapath;C:\ProgramData\Oracle\Java\javapath;C:\Windows\system32;C:\Windows;C:\Windows\System32\Wbem;C:\Windows\System32\WindowsPowerShell\v1.0\;C:\Program Files (x86)\Skype\Phone\;F:\pandoc\;F:\putty\;F:\openvpn\bin;C:\Program Files\NVIDIA Corporation\NVIDIA NvDLISR;C:\Program Files (x86)\NVIDIA Corporation\PhysX\Common;C:\Program Files\OpenSSH-Win64;F:\ffmpeg\bin;C:\Program Files\dotnet\;C:\Program Files\Microsoft SQL Server\130\Tools\Binn\;C:\Program Files\Microsoft SQL Server\Client SDK\ODBC\170\Tools\Binn\;F:\Go\bin;C:\WINDOWS\system32;C:\WINDOWS;C:\WINDOWS\System32\Wbem;C:\WINDOWS\System32\WindowsPowerShell\v1.0\;C:\WINDOWS\System32\OpenSSH\;F:\Windows Kits\Windows Performance Toolkit\;F:\Nvm\nvm;C:\Program Files\nodejs;C:\Program Files\Git\cmd;F:\Maven\apache-maven-3.6.3\bin;C:\Program Files\Java\jdk-12.0.2\bin;F:\anaconda3;F:\anaconda3\Library\mingw-w64\bin;F:\anaconda3\Library\usr\bin;F:\anaconda3\Library\bin;F:\anaconda3\Scripts;C:\Users\YK\AppData\Local\atom\bin;C:\Users\YK\AppData\Roaming\npm;F:\MinGW\bin;F:\dr.memory\bin\;C:\Users\YK\AppData\Local\Programs\MiKTeX 2.9\miktex\bin\x64\;F:\python\Python37-32\;F:\GnuWin32\bin;C:\Users\YK\go\bin;F:\Maven\apache-maven-3.6.3\bin;
USERNAME=YK
OS=Windows_NT
PROCESSOR_IDENTIFIER=Intel64 Family 6 Model 94 Stepping 3, GenuineIntel



---------------  S Y S T E M  ---------------

OS: Windows 10.0 , 64 bit Build 19041 (10.0.19041.928)

CPU:total 4 (initial active 4) (4 cores per cpu, 1 threads per core) family 6 model 94 stepping 3, cmov, cx8, fxsr, mmx, sse, sse2, sse3, ssse3, sse4.1, sse4.2, popcnt, avx, avx2, aes, clmul, erms, rtm, 3dnowpref, lzcnt, tsc, tscinvbit, bmi1, bmi2, adx

Memory: 4k page, physical 16728116k(539488k free), swap 25116724k(4784k free)

vm_info: OpenJDK 64-Bit Server VM (25.242-b01) for windows-amd64 JRE (1.8.0_242-release-1644-b01), built by "builder" with MS VC++ 10.0 (VS2010)

time: Wed May 19 11:33:49 2021
timezone: China Standard Time
elapsed time: 471 seconds (0d 0h 7m 51s)

